
**** Build of configuration Debug for project helloworld ****

"C:\\ti\\ccsv7\\utils\\bin\\gmake" -k -j 8 all -O 
'Building file: ../helloworld.c'
'Invoking: ARM Compiler'
"C:/ti/ccsv7/tools/compiler/ti-cgt-arm_16.9.1.LTS/bin/armcl" -mv7M4 --code_state=16 --float_support=FPv4SPD16 -me --include_path="U:/CprE 288/Lab1/helloworld" --include_path="C:/ti/TivaWare_C_Series-2.1.2.111" --include_path="C:/ti/ccsv7/tools/compiler/ti-cgt-arm_16.9.1.LTS/include" --define=ccs="ccs" --define=PART_TM4C123GH6PM -g --gcc --diag_warning=225 --diag_wrap=off --display_error_number --abi=eabi --preproc_with_compile --preproc_dependency="helloworld.d"  "../helloworld.c"
"..\timer.h", line 44: warning #1-D: last line of file ends without a newline
"..\lcd.h", line 40: warning #1-D: last line of file ends without a newline
"../helloworld.c", line 54: warning #112-D: statement is unreachable
"../helloworld.c", line 27: warning #179-D: variable "blank" was declared but never referenced
'Finished building: ../helloworld.c'
' '
'Building target: helloworld.out'
'Invoking: ARM Linker'
"C:/ti/ccsv7/tools/compiler/ti-cgt-arm_16.9.1.LTS/bin/armcl" -mv7M4 --code_state=16 --float_support=FPv4SPD16 -me --define=ccs="ccs" --define=PART_TM4C123GH6PM -g --gcc --diag_warning=225 --diag_wrap=off --display_error_number --abi=eabi -z -m"helloworld.map" --heap_size=2048 --stack_size=1024 -i"C:/ti/ccsv7/tools/compiler/ti-cgt-arm_16.9.1.LTS/lib" -i"C:/ti/ccsv7/tools/compiler/ti-cgt-arm_16.9.1.LTS/include" --reread_libs --diag_wrap=off --display_error_number --warn_sections --xml_link_info="helloworld_linkInfo.xml" --rom_model -o "helloworld.out" "./helloworld.obj" "./lcd.obj" "./timer.obj" "./tm4c123gh6pm_startup_ccs.obj" "../tm4c123gh6pm.cmd"  -llibc.a -l"C:/ti/TivaWare_C_Series-2.1.2.111/driverlib/ccs/Debug/driverlib.lib" 
<Linking>
'Finished building target: helloworld.out'
' '

**** Build Finished ****

**** Build of configuration Debug for project helloworld ****

"C:\\ti\\ccsv7\\utils\\bin\\gmake" -k -j 8 all -O 
gmake[1]: 'helloworld.out' is up to date.

**** Build Finished ****

**** Build of configuration Debug for project helloworld ****

"C:\\ti\\ccsv7\\utils\\bin\\gmake" -k -j 8 all -O 
'Building file: ../helloworld.c'
'Invoking: ARM Compiler'
"C:/ti/ccsv7/tools/compiler/ti-cgt-arm_16.9.1.LTS/bin/armcl" -mv7M4 --code_state=16 --float_support=FPv4SPD16 -me --include_path="U:/CprE 288/Lab1/helloworld" --include_path="C:/ti/TivaWare_C_Series-2.1.2.111" --include_path="C:/ti/ccsv7/tools/compiler/ti-cgt-arm_16.9.1.LTS/include" --define=ccs="ccs" --define=PART_TM4C123GH6PM -g --gcc --diag_warning=225 --diag_wrap=off --display_error_number --abi=eabi --preproc_with_compile --preproc_dependency="helloworld.d"  "../helloworld.c"
"..\timer.h", line 44: warning #1-D: last line of file ends without a newline
"..\lcd.h", line 40: warning #1-D: last line of file ends without a newline
"../helloworld.c", line 47: warning #112-D: statement is unreachable
"../helloworld.c", line 27: warning #179-D: variable "blank" was declared but never referenced
"../helloworld.c", line 31: warning #179-D: variable "lineCounter" was declared but never referenced
'Finished building: ../helloworld.c'
' '
'Building target: helloworld.out'
'Invoking: ARM Linker'
"C:/ti/ccsv7/tools/compiler/ti-cgt-arm_16.9.1.LTS/bin/armcl" -mv7M4 --code_state=16 --float_support=FPv4SPD16 -me --define=ccs="ccs" --define=PART_TM4C123GH6PM -g --gcc --diag_warning=225 --diag_wrap=off --display_error_number --abi=eabi -z -m"helloworld.map" --heap_size=2048 --stack_size=1024 -i"C:/ti/ccsv7/tools/compiler/ti-cgt-arm_16.9.1.LTS/lib" -i"C:/ti/ccsv7/tools/compiler/ti-cgt-arm_16.9.1.LTS/include" --reread_libs --diag_wrap=off --display_error_number --warn_sections --xml_link_info="helloworld_linkInfo.xml" --rom_model -o "helloworld.out" "./helloworld.obj" "./lcd.obj" "./timer.obj" "./tm4c123gh6pm_startup_ccs.obj" "../tm4c123gh6pm.cmd"  -llibc.a -l"C:/ti/TivaWare_C_Series-2.1.2.111/driverlib/ccs/Debug/driverlib.lib" 
<Linking>
'Finished building target: helloworld.out'
' '

**** Build Finished ****

**** Build of configuration Debug for project helloworld ****

"C:\\ti\\ccsv7\\utils\\bin\\gmake" -k -j 8 all -O 
gmake[1]: 'helloworld.out' is up to date.

**** Build Finished ****

**** Build of configuration Debug for project helloworld ****

"C:\\ti\\ccsv7\\utils\\bin\\gmake" -k -j 8 all -O 
gmake[1]: 'helloworld.out' is up to date.

**** Build Finished ****

**** Build of configuration Debug for project helloworld ****

"C:\\ti\\ccsv7\\utils\\bin\\gmake" -k -j 8 all -O 
'Building file: ../helloworld.c'
'Invoking: ARM Compiler'
"C:/ti/ccsv7/tools/compiler/ti-cgt-arm_16.9.1.LTS/bin/armcl" -mv7M4 --code_state=16 --float_support=FPv4SPD16 -me --include_path="U:/CprE 288/Lab1/helloworld" --include_path="C:/ti/TivaWare_C_Series-2.1.2.111" --include_path="C:/ti/ccsv7/tools/compiler/ti-cgt-arm_16.9.1.LTS/include" --define=ccs="ccs" --define=PART_TM4C123GH6PM -g --gcc --diag_warning=225 --diag_wrap=off --display_error_number --abi=eabi --preproc_with_compile --preproc_dependency="helloworld.d"  "../helloworld.c"
"..\timer.h", line 44: warning #1-D: last line of file ends without a newline
"..\lcd.h", line 40: warning #1-D: last line of file ends without a newline
"../helloworld.c", line 49: warning #112-D: statement is unreachable
"../helloworld.c", line 27: warning #179-D: variable "blank" was declared but never referenced
"../helloworld.c", line 31: warning #179-D: variable "lineCounter" was declared but never referenced
'Finished building: ../helloworld.c'
' '
'Building target: helloworld.out'
'Invoking: ARM Linker'
"C:/ti/ccsv7/tools/compiler/ti-cgt-arm_16.9.1.LTS/bin/armcl" -mv7M4 --code_state=16 --float_support=FPv4SPD16 -me --define=ccs="ccs" --define=PART_TM4C123GH6PM -g --gcc --diag_warning=225 --diag_wrap=off --display_error_number --abi=eabi -z -m"helloworld.map" --heap_size=2048 --stack_size=1024 -i"C:/ti/ccsv7/tools/compiler/ti-cgt-arm_16.9.1.LTS/lib" -i"C:/ti/ccsv7/tools/compiler/ti-cgt-arm_16.9.1.LTS/include" --reread_libs --diag_wrap=off --display_error_number --warn_sections --xml_link_info="helloworld_linkInfo.xml" --rom_model -o "helloworld.out" "./helloworld.obj" "./lcd.obj" "./timer.obj" "./tm4c123gh6pm_startup_ccs.obj" "../tm4c123gh6pm.cmd"  -llibc.a -l"C:/ti/TivaWare_C_Series-2.1.2.111/driverlib/ccs/Debug/driverlib.lib" 
<Linking>
'Finished building target: helloworld.out'
' '

**** Build Finished ****

**** Build of configuration Debug for project helloworld ****

"C:\\ti\\ccsv7\\utils\\bin\\gmake" -k -j 8 all -O 
gmake[1]: 'helloworld.out' is up to date.

**** Build Finished ****

**** Build of configuration Debug for project helloworld ****

"C:\\ti\\ccsv7\\utils\\bin\\gmake" -k -j 8 all -O 
gmake[1]: 'helloworld.out' is up to date.

**** Build Finished ****

**** Build of configuration Debug for project helloworld ****

"C:\\ti\\ccsv7\\utils\\bin\\gmake" -k -j 8 all -O 
'Building file: ../helloworld.c'
'Invoking: ARM Compiler'
"C:/ti/ccsv7/tools/compiler/ti-cgt-arm_16.9.1.LTS/bin/armcl" -mv7M4 --code_state=16 --float_support=FPv4SPD16 -me --include_path="U:/CprE 288/Lab1/helloworld" --include_path="C:/ti/TivaWare_C_Series-2.1.2.111" --include_path="C:/ti/ccsv7/tools/compiler/ti-cgt-arm_16.9.1.LTS/include" --define=ccs="ccs" --define=PART_TM4C123GH6PM -g --gcc --diag_warning=225 --diag_wrap=off --display_error_number --abi=eabi --preproc_with_compile --preproc_dependency="helloworld.d"  "../helloworld.c"
"..\timer.h", line 44: warning #1-D: last line of file ends without a newline
"..\lcd.h", line 40: warning #1-D: last line of file ends without a newline
"../helloworld.c", line 49: warning #112-D: statement is unreachable
"../helloworld.c", line 27: warning #179-D: variable "blank" was declared but never referenced
"../helloworld.c", line 31: warning #179-D: variable "lineCounter" was declared but never referenced
'Finished building: ../helloworld.c'
' '
'Building target: helloworld.out'
'Invoking: ARM Linker'
"C:/ti/ccsv7/tools/compiler/ti-cgt-arm_16.9.1.LTS/bin/armcl" -mv7M4 --code_state=16 --float_support=FPv4SPD16 -me --define=ccs="ccs" --define=PART_TM4C123GH6PM -g --gcc --diag_warning=225 --diag_wrap=off --display_error_number --abi=eabi -z -m"helloworld.map" --heap_size=2048 --stack_size=1024 -i"C:/ti/ccsv7/tools/compiler/ti-cgt-arm_16.9.1.LTS/lib" -i"C:/ti/ccsv7/tools/compiler/ti-cgt-arm_16.9.1.LTS/include" --reread_libs --diag_wrap=off --display_error_number --warn_sections --xml_link_info="helloworld_linkInfo.xml" --rom_model -o "helloworld.out" "./helloworld.obj" "./lcd.obj" "./timer.obj" "./tm4c123gh6pm_startup_ccs.obj" "../tm4c123gh6pm.cmd"  -llibc.a -l"C:/ti/TivaWare_C_Series-2.1.2.111/driverlib/ccs/Debug/driverlib.lib" 
<Linking>
'Finished building target: helloworld.out'
' '

**** Build Finished ****

**** Build of configuration Debug for project helloworld ****

"C:\\ti\\ccsv7\\utils\\bin\\gmake" -k -j 8 all -O 
gmake[1]: 'helloworld.out' is up to date.

**** Build Finished ****

**** Build of configuration Debug for project helloworld ****

"C:\\ti\\ccsv7\\utils\\bin\\gmake" -k -j 8 all -O 
'Building file: ../helloworld.c'
'Invoking: ARM Compiler'
"C:/ti/ccsv7/tools/compiler/ti-cgt-arm_16.9.1.LTS/bin/armcl" -mv7M4 --code_state=16 --float_support=FPv4SPD16 -me --include_path="U:/CprE 288/Lab1/helloworld" --include_path="C:/ti/TivaWare_C_Series-2.1.2.111" --include_path="C:/ti/ccsv7/tools/compiler/ti-cgt-arm_16.9.1.LTS/include" --define=ccs="ccs" --define=PART_TM4C123GH6PM -g --gcc --diag_warning=225 --diag_wrap=off --display_error_number --abi=eabi --preproc_with_compile --preproc_dependency="helloworld.d"  "../helloworld.c"
"..\timer.h", line 44: warning #1-D: last line of file ends without a newline
"..\lcd.h", line 40: warning #1-D: last line of file ends without a newline
"../helloworld.c", line 49: warning #112-D: statement is unreachable
"../helloworld.c", line 27: warning #179-D: variable "blank" was declared but never referenced
"../helloworld.c", line 31: warning #179-D: variable "lineCounter" was declared but never referenced
'Finished building: ../helloworld.c'
' '
'Building target: helloworld.out'
'Invoking: ARM Linker'
"C:/ti/ccsv7/tools/compiler/ti-cgt-arm_16.9.1.LTS/bin/armcl" -mv7M4 --code_state=16 --float_support=FPv4SPD16 -me --define=ccs="ccs" --define=PART_TM4C123GH6PM -g --gcc --diag_warning=225 --diag_wrap=off --display_error_number --abi=eabi -z -m"helloworld.map" --heap_size=2048 --stack_size=1024 -i"C:/ti/ccsv7/tools/compiler/ti-cgt-arm_16.9.1.LTS/lib" -i"C:/ti/ccsv7/tools/compiler/ti-cgt-arm_16.9.1.LTS/include" --reread_libs --diag_wrap=off --display_error_number --warn_sections --xml_link_info="helloworld_linkInfo.xml" --rom_model -o "helloworld.out" "./helloworld.obj" "./lcd.obj" "./timer.obj" "./tm4c123gh6pm_startup_ccs.obj" "../tm4c123gh6pm.cmd"  -llibc.a -l"C:/ti/TivaWare_C_Series-2.1.2.111/driverlib/ccs/Debug/driverlib.lib" 
<Linking>
'Finished building target: helloworld.out'
' '

**** Build Finished ****

**** Build of configuration Debug for project helloworld ****

"C:\\ti\\ccsv7\\utils\\bin\\gmake" -k -j 8 all -O 
gmake[1]: 'helloworld.out' is up to date.

**** Build Finished ****
