-----TI-REX started at Thu Oct 12 2017 12:22:40 GMT-0500 (Central Daylight Time)
Thu, 12 Oct 2017 17:22:45 GMT connect deprecated methodOverride: use method-override npm module instead at app.js:571:21
 C:\\Users\\jdanner\\ti\\CCSExternalReferences\\TIRex_2"
]
-----TI-REX started at Thu Oct 12 2017 12:22:40 GMT-0500 (Central Daylight Time)
2017-10-12T17:22:40.827Z INFO DAEMON tirex C:\ti\ccsv7\tirex\ti-rex-core\app.js:240:12:initApp() [
    "-----TI-REX started at Thu Oct 12 2017 12:22:40 GMT-0500 (Central Daylight Time)"
]
2017-10-12T17:22:45.079Z INFO DAEMON tirex C:\ti\ccsv7\tirex\ti-rex-core\app.js:289:12:initApp() [
    "Version: 3.1.3"
]
2017-10-12T17:22:45.079Z INFO DAEMON tirex C:\ti\ccsv7\tirex\ti-rex-core\lib\vars.js:161:12:Function.Vars.createDirs() [
    "content dir: c:\\ti"
]
2017-10-12T17:22:45.079Z INFO DAEMON tirex C:\ti\ccsv7\tirex\ti-rex-core\lib\vars.js:165:12:Function.Vars.createDirs() [
    "db dir: C:\\Users\\jdanner\\ti\\tirex-localserver-3.1.3\\.db"
]
2017-10-12T17:22:45.079Z INFO DAEMON tirex C:\ti\ccsv7\tirex\ti-rex-core\lib\vars.js:170:12:Function.Vars.createDirs() [
    "db logs dir: C:\\Users\\jdanner\\ti\\tirex-localserver-3.1.3\\.db\\logs"
]
2017-10-12T17:22:45.079Z INFO DAEMON tirex C:\ti\ccsv7\tirex\ti-rex-core\lib\vars.js:175:12:Function.Vars.createDirs() [
    "sitemap dir: C:\\Users\\jdanner\\ti\\tirex-localserver-3.1.3\\.db\\sitemap"
]
2017-10-12T17:22:45.095Z INFO DAEMON tirex C:\ti\ccsv7\tirex\ti-rex-core\lib\vars.js:180:12:Function.Vars.createDirs() [
    "downloads dir: C:\\Users\\jdanner\\ti\\tirex-localserver-3.1.3\\.downloads"
]
2017-10-12T17:22:45.095Z INFO DAEMON tirex C:\ti\ccsv7\tirex\ti-rex-core\lib\vars.js:185:12:Function.Vars.createDirs() [
    "user config dir: C:\\Users\\jdanner\\ti\\tirex-localserver-3.1.3"
]
2017-10-12T17:22:45.095Z INFO DAEMON tirex C:\ti\ccsv7\tirex\ti-rex-core\rexdb\lib\rexdb-split.js:49:12:RexDBSplit.use() [
    "DB: use() called with[]"
]
2017-10-12T17:22:45.095Z INFO DAEMON tirex C:\ti\ccsv7\tirex\ti-rex-core\rexdb\lib\rexdb-split.js:83:16:() [
    "DB: status {}"
]
2017-10-12T17:22:45.814Z INFO DAEMON tirex C:\ti\ccsv7\tirex\ti-rex-core\lib\localserver.js:50:12:logInfo() [
    "localserver",
    "Starting up local server ..."
]
2017-10-12T17:22:45.814Z INFO DAEMON tirex C:\ti\ccsv7\tirex\ti-rex-core\lib\localserver.js:50:12:logInfo() [
    "localserver",
    "CCS host: http://localhost:50630/"
]
2017-10-12T17:22:45.829Z INFO DAEMON tirex C:\ti\ccsv7\tirex\ti-rex-core\lib\localserver.js:50:12:logInfo() [
    "localserver",
    "Connecting to remote server host: http://dev.ti.com/tirex"
]
2017-10-12T17:22:45.876Z INFO DAEMON tirex C:\ti\ccsv7\tirex\ti-rex-core\app.js:2529:20:Server.<anonymous>() [
    "Express server listening on port 50943"
]
2017-10-12T17:22:50.144Z INFO DAEMON tirex C:\ti\ccsv7\tirex\ti-rex-core\lib\localserver.js:50:12:logInfo() [
    "localserver",
    "Connected to remote server host: http://dev.ti.com/tirex"
]
